*** Using Compiler 'V5.06 update 7 (build 960)', folder: 'C:\Keil_v5\ARM\ARMCC\Bin'
Rebuild target 'Fire_FreeRTOS'
assembling startup_stm32f40xx.s...
compiling stm32f4xx_can.c...
compiling stm32f4xx_cec.c...
compiling stm32f4xx_crc.c...
compiling stm32f4xx_cryp.c...
compiling misc.c...
compiling stm32f4xx_dbgmcu.c...
compiling stm32f4xx_cryp_des.c...
compiling stm32f4xx_adc.c...
compiling stm32f4xx_cryp_tdes.c...
compiling system_stm32f4xx.c...
compiling stm32f4xx_dac.c...
compiling stm32f4xx_dcmi.c...
compiling stm32f4xx_cryp_aes.c...
compiling stm32f4xx_dfsdm.c...
compiling stm32f4xx_dsi.c...
compiling stm32f4xx_flash_ramfunc.c...
compiling stm32f4xx_dma.c...
compiling stm32f4xx_fmpi2c.c...
compiling stm32f4xx_fsmc.c...
compiling stm32f4xx_hash_sha1.c...
compiling stm32f4xx_iwdg.c...
compiling stm32f4xx_hash.c...
compiling stm32f4xx_flash.c...
compiling stm32f4xx_hash_md5.c...
compiling stm32f4xx_exti.c...
compiling stm32f4xx_i2c.c...
compiling stm32f4xx_gpio.c...
compiling stm32f4xx_lptim.c...
compiling stm32f4xx_rcc.c...
compiling stm32f4xx_qspi.c...
compiling stm32f4xx_pwr.c...
compiling stm32f4xx_sai.c...
compiling stm32f4xx_rng.c...
compiling stm32f4xx_usart.c...
compiling stm32f4xx_syscfg.c...
compiling stm32f4xx_spi.c...
compiling stm32f4xx_spdifrx.c...
compiling stm32f4xx_sdio.c...
compiling stm32f4xx_rtc.c...
compiling stm32f4xx_wwdg.c...
compiling stm32f4xx_tim.c...
compiling bsp_led.c...
compiling oled_draw.c...
compiling buffer.c...
compiling OLED_Font.c...
compiling CRC.c...
.\Libraries\CMSIS\Device\ST\STM32F4xx\Include\stm32f4xx.h(2396): warning:  #47-D: incompatible redefinition of macro "CRC"  (declared at line 3 of "User\CRC.h")
  #define CRC                 ((CRC_TypeDef *) CRC_BASE)
User\CRC.c: 1 warning, 0 errors
compiling Driver.c...
compiling key.c...
compiling delay.c...
compiling JY62.c...
compiling encoder.c...
compiling PWM.c...
compiling software_usart.c...
compiling OLED.c...
compiling Steeper.c...
compiling oled_buffer.c...
compiling PID.c...
compiling Software_iic.c...
compiling main.c...
User\main.c(214): warning:  #111-D: statement is unreachable
      xReturn = xTaskCreate((TaskFunction_t)AppTaskCreate,          /* 任务入口函数 */
User\main.c: 1 warning, 0 errors
compiling croutine.c...
compiling stm32f4xx_it.c...
compiling usart.c...
compiling VL53.c...
compiling sys.c...
compiling list.c...
compiling kalman filter.c...
compiling port.c...
compiling tasks.c...
compiling queue.c...
compiling heap_4.c...
compiling event_groups.c...
compiling timers.c...
linking...
Program Size: Code=11064 RO-data=524 RW-data=120 ZI-data=2568  
FromELF: creating hex file...
".\Output\Fire_FreeRTOS.axf" - 0 Error(s), 2 Warning(s).
Build Time Elapsed:  00:00:11
