[info] Log at : 2023/1/6|14:56:32|GMT+0800

[info] Log at : 2023/1/6|14:56:39|GMT+0800

[info] Log at : 2023/1/6|15:06:38|GMT+0800

[info] Log at : 2023/1/6|15:06:43|GMT+0800

[info] Log at : 2023/1/6|15:37:46|GMT+0800

[info] Log at : 2023/1/6|15:38:23|GMT+0800

[info] Log at : 2023/1/6|15:39:00|GMT+0800

[info] Log at : 2023/1/6|15:39:05|GMT+0800

[info] Log at : 2023/1/6|15:40:53|GMT+0800

[info] Log at : 2023/1/6|15:41:38|GMT+0800

[info] Log at : 2023/1/6|15:41:44|GMT+0800

[info] Log at : 2023/1/6|15:49:44|GMT+0800

[info] Log at : 2023/1/6|15:59:53|GMT+0800

[info] Log at : 2023/1/6|16:01:52|GMT+0800

[info] Log at : 2023/1/6|18:06:50|GMT+0800

[info] Log at : 2023/1/6|18:13:11|GMT+0800

[info] Log at : 2023/1/6|21:02:07|GMT+0800

[info] Log at : 2023/1/6|21:02:12|GMT+0800

[info] Log at : 2023/1/6|21:08:32|GMT+0800

[info] Log at : 2023/1/6|21:10:13|GMT+0800

[info] Log at : 2023/1/6|21:12:06|GMT+0800

[info] Log at : 2023/1/6|21:13:24|GMT+0800

[info] Log at : 2023/1/6|21:14:11|GMT+0800

[info] Log at : 2023/1/6|21:17:14|GMT+0800

[info] Log at : 2023/1/6|23:44:02|GMT+0800

[info] Log at : 2023/1/6|23:47:22|GMT+0800

[info] Log at : 2023/1/6|23:58:53|GMT+0800

[info] Log at : 2023/1/7|15:10:57|GMT+0800

[info] Log at : 2023/1/7|15:11:05|GMT+0800

[info] Log at : 2023/1/7|15:12:09|GMT+0800

[info] Log at : 2023/1/7|15:12:31|GMT+0800

[info] Log at : 2023/1/7|15:12:36|GMT+0800

[info] Log at : 2023/1/7|15:14:51|GMT+0800

[info] Log at : 2023/1/9|15:13:07|GMT+0800

[info] Log at : 2023/1/9|18:28:07|GMT+0800

[info] Log at : 2023/1/10|11:52:51|GMT+0800

[info] Log at : 2023/1/10|20:35:30|GMT+0800

[info] Log at : 2023/1/10|20:37:46|GMT+0800

[info] Log at : 2023/1/10|20:37:56|GMT+0800

[info] Log at : 2023/1/11|10:41:21|GMT+0800

[info] Log at : 2023/1/11|11:01:25|GMT+0800

[info] Log at : 2023/1/11|11:52:21|GMT+0800

[info] Log at : 2023/1/13|23:50:03|GMT+0800

[info] Log at : 2023/1/14|00:25:34|GMT+0800

[info] Log at : 2023/1/14|09:55:38|GMT+0800

[info] Log at : 2023/1/14|11:31:56|GMT+0800

[info] Log at : 2023/1/14|12:27:10|GMT+0800

[info] Log at : 2023/1/14|14:18:40|GMT+0800

[info] Log at : 2023/1/14|14:19:02|GMT+0800

[info] Log at : 2023/1/14|14:19:10|GMT+0800

[info] Log at : 2023/1/14|14:19:14|GMT+0800

[info] Log at : 2023/1/14|20:24:25|GMT+0800

[info] Log at : 2023/1/14|20:36:27|GMT+0800

[info] Log at : 2023/1/14|21:48:26|GMT+0800

[info] Log at : 2023/1/15|15:09:29|GMT+0800

[info] Log at : 2023/1/18|10:48:35|GMT+0800

[info] Log at : 2023/1/18|16:28:56|GMT+0800

[info] Log at : 2023/1/18|16:58:45|GMT+0800

[info] Log at : 2023/1/18|16:58:50|GMT+0800

[info] Log at : 2023/1/18|23:25:27|GMT+0800

[info] Log at : 2023/1/20|11:27:46|GMT+0800

[info] Log at : 2023/1/20|14:48:55|GMT+0800

[info] Log at : 2023/1/21|11:27:25|GMT+0800

[info] Log at : 2023/1/21|22:19:24|GMT+0800

[info] Log at : 2023/1/22|20:34:19|GMT+0800

[info] Log at : 2023/1/22|20:55:39|GMT+0800

[info] Log at : 2023/1/23|10:24:39|GMT+0800

[info] Log at : 2023/1/26|16:39:26|GMT+0800

[info] Log at : 2023/1/26|22:31:50|GMT+0800

[info] Log at : 2023/1/27|13:38:23|GMT+0800

[info] Log at : 2023/1/29|22:57:02|GMT+0800

[info] Log at : 2023/1/30|14:53:06|GMT+0800

[info] Log at : 2023/1/31|09:44:42|GMT+0800

[info] Log at : 2023/1/31|15:44:27|GMT+0800

[info] Log at : 2023/1/31|15:45:27|GMT+0800

[info] Log at : 2023/1/31|16:40:12|GMT+0800

[info] Log at : 2023/2/5|10:20:57|GMT+0800

[info] Log at : 2023/2/5|10:45:43|GMT+0800

[info] Log at : 2023/2/5|10:48:58|GMT+0800

[info] Log at : 2023/2/5|17:03:39|GMT+0800

[info] Log at : 2023/2/5|17:41:54|GMT+0800

[info] Log at : 2023/2/5|17:42:34|GMT+0800

[info] Log at : 2023/2/5|17:44:12|GMT+0800

[info] Log at : 2023/2/5|17:45:07|GMT+0800

[info] Log at : 2023/2/5|20:06:05|GMT+0800

[info] Log at : 2023/2/5|23:11:15|GMT+0800

[info] Log at : 2023/2/6|23:27:57|GMT+0800

[info] Log at : 2023/2/7|16:29:47|GMT+0800

[info] Log at : 2023/2/7|16:31:04|GMT+0800

[info] Log at : 2023/3/3|17:49:52|GMT+0800

[info] Log at : 2023/3/3|17:49:55|GMT+0800

[info] Log at : 2023/3/3|23:41:44|GMT+0800

[info] Log at : 2023/3/4|09:25:19|GMT+0800

[info] Log at : 2023/3/4|09:25:25|GMT+0800

[info] Log at : 2023/3/4|10:22:24|GMT+0800

[info] Log at : 2023/3/4|22:31:02|GMT+0800

[info] Log at : 2023/3/9|15:56:10|GMT+0800

[info] Log at : 2023/3/9|18:03:02|GMT+0800

[info] Log at : 2023/3/14|19:36:57|GMT+0800

[info] Log at : 2023/3/14|20:26:50|GMT+0800

[info] Log at : 2023/3/14|20:26:53|GMT+0800

[info] Log at : 2023/3/14|20:38:57|GMT+0800

[info] Log at : 2023/3/14|21:16:30|GMT+0800

[info] Log at : 2023/3/15|16:24:35|GMT+0800

[info] Log at : 2023/3/15|16:24:47|GMT+0800

[info] Log at : 2023/3/15|16:32:41|GMT+0800

[info] Log at : 2023/3/22|20:38:02|GMT+0800

[info] Log at : 2023/3/22|20:38:10|GMT+0800

[info] Log at : 2023/3/22|22:02:43|GMT+0800

[info] Log at : 2023/3/25|15:40:09|GMT+0800

[info] Log at : 2023/3/26|21:14:07|GMT+0800

[info] Log at : 2023/3/27|19:44:00|GMT+0800

[info] Log at : 2023/3/27|19:44:49|GMT+0800

[info] Log at : 2023/3/27|20:43:24|GMT+0800

[info] Log at : 2023/3/27|20:51:09|GMT+0800

[info] Log at : 2023/3/27|20:51:59|GMT+0800

[info] Log at : 2023/3/27|22:29:50|GMT+0800

[info] Log at : 2023/3/27|22:30:01|GMT+0800

[info] Log at : 2023/3/28|13:21:16|GMT+0800

[info] Log at : 2023/3/30|22:00:15|GMT+0800

[info] Log at : 2023/3/31|18:38:28|GMT+0800

[info] Log at : 2023/4/1|12:10:35|GMT+0800

[info] Log at : 2023/4/1|20:12:45|GMT+0800

[info] Log at : 2023/4/2|09:48:50|GMT+0800

[info] Log at : 2023/4/3|17:53:50|GMT+0800

[info] Log at : 2023/4/6|19:07:55|GMT+0800

[info] Log at : 2023/4/7|17:59:34|GMT+0800

[info] Log at : 2023/4/7|21:05:38|GMT+0800

[info] Log at : 2023/4/7|21:12:41|GMT+0800

[info] Log at : 2023/4/9|13:25:49|GMT+0800

[info] Log at : 2023/4/9|14:45:57|GMT+0800

[info] Log at : 2023/4/9|22:26:43|GMT+0800

[info] Log at : 2023/4/9|22:26:46|GMT+0800

[info] Log at : 2023/4/10|15:26:20|GMT+0800

[info] Log at : 2023/4/11|18:41:32|GMT+0800

[info] Log at : 2023/4/12|16:11:20|GMT+0800

[info] Log at : 2023/4/13|16:11:20|GMT+0800

[info] Log at : 2023/4/16|13:32:27|GMT+0800

[info] Log at : 2023/4/17|20:40:00|GMT+0800

[info] Log at : 2023/4/23|21:49:29|GMT+0800

[info] Log at : 2023/4/24|19:51:34|GMT+0800

[info] Log at : 2023/4/24|20:01:40|GMT+0800

[info] Log at : 2023/4/24|22:08:55|GMT+0800

[info] Log at : 2023/5/19|20:18:04|GMT+0800

[info] Log at : 2023/5/19|20:18:51|GMT+0800

[info] Log at : 2023/5/21|17:16:07|GMT+0800

[info] Log at : 2023/5/21|17:16:10|GMT+0800

[info] Log at : 2023/5/23|11:53:52|GMT+0800

[info] Log at : 2023/5/24|17:12:18|GMT+0800

[info] Log at : 2023/5/24|17:12:21|GMT+0800

[info] Log at : 2023/7/10|14:48:42|GMT+0800

[info] Log at : 2023/7/10|14:48:47|GMT+0800

[info] Log at : 2023/7/18|17:15:56|GMT+0800

[info] Log at : 2023/7/18|17:15:59|GMT+0800

[info] Log at : 2023/7/18|23:25:59|GMT+0800

[info] Log at : 2023/7/18|23:26:44|GMT+0800

[info] Log at : 2023/7/18|23:26:47|GMT+0800

[info] Log at : 2023/7/19|13:09:48|GMT+0800

[info] Log at : 2023/7/20|13:30:53|GMT+0800

[info] Log at : 2023/7/21|00:43:07|GMT+0800

[info] Log at : 2023/7/21|00:43:32|GMT+0800

[info] Log at : 2023/7/21|00:43:35|GMT+0800

[info] Log at : 2023/7/21|14:05:47|GMT+0800

[info] Log at : 2023/7/21|14:05:51|GMT+0800

[info] Log at : 2023/7/25|17:25:01|GMT+0800

[info] Log at : 2023/7/25|17:25:08|GMT+0800

[info] Log at : 2023/7/26|17:11:29|GMT+0800

[info] Log at : 2023/7/27|11:23:57|GMT+0800

[info] Log at : 2023/7/28|10:06:36|GMT+0800

[info] Log at : 2023/7/28|12:24:02|GMT+0800

[info] Log at : 2023/7/28|17:20:28|GMT+0800

[info] Log at : 2023/8/31|15:01:22|GMT+0800

[info] Log at : 2023/8/31|15:01:25|GMT+0800

[info] Log at : 2023/8/31|21:25:01|GMT+0800

[info] Log at : 2023/9/1|14:50:28|GMT+0800

[info] Log at : 2023/9/1|19:15:17|GMT+0800

[info] Log at : 2023/9/2|10:16:19|GMT+0800

[info] Log at : 2023/9/2|10:55:28|GMT+0800

[info] Log at : 2023/9/2|11:36:26|GMT+0800

[info] Log at : 2023/9/2|11:36:32|GMT+0800

[info] Log at : 2023/9/2|11:37:06|GMT+0800

[info] Log at : 2023/9/2|11:38:42|GMT+0800

[info] Log at : 2023/9/2|11:38:58|GMT+0800

[info] Log at : 2023/9/2|11:47:20|GMT+0800

[info] Log at : 2023/9/2|11:58:17|GMT+0800

[info] Log at : 2023/9/2|12:15:16|GMT+0800

[info] project closed: Fire_FreeRTOS
[info] Log at : 2023/9/2|14:10:12|GMT+0800

[info] Log at : 2023/9/2|14:10:33|GMT+0800

[info] Log at : 2023/9/2|14:23:36|GMT+0800

[info] Log at : 2023/9/2|22:44:53|GMT+0800

[info] Log at : 2023/9/2|23:15:20|GMT+0800

[info] Log at : 2023/9/2|23:19:33|GMT+0800

[info] Log at : 2023/9/3|12:01:14|GMT+0800

[info] Log at : 2023/9/3|16:02:28|GMT+0800

[info] Log at : 2023/9/3|20:15:00|GMT+0800

[info] project closed: Fire_FreeRTOS
[info] Log at : 2023/9/3|20:18:24|GMT+0800

[info] Log at : 2023/9/3|20:22:34|GMT+0800

[info] Log at : 2023/9/3|20:22:40|GMT+0800

[info] Log at : 2023/9/3|23:12:25|GMT+0800

[info] Log at : 2023/9/4|13:03:26|GMT+0800

[info] Log at : 2023/9/4|22:31:11|GMT+0800

[info] Log at : 2023/9/4|22:56:51|GMT+0800

[info] Log at : 2023/9/4|23:25:44|GMT+0800

[info] Log at : 2023/9/5|12:02:58|GMT+0800

[info] Log at : 2023/9/5|12:08:50|GMT+0800

[info] Log at : 2023/9/5|13:15:53|GMT+0800

[info] Log at : 2023/9/5|14:35:42|GMT+0800

[info] Log at : 2023/9/5|19:51:09|GMT+0800

[info] Log at : 2023/9/5|23:41:23|GMT+0800

[info] Log at : 2023/9/5|23:41:29|GMT+0800

[info] Log at : 2023/9/6|00:46:40|GMT+0800

[info] Log at : 2023/9/6|00:46:46|GMT+0800

[info] Log at : 2023/9/6|01:05:05|GMT+0800

[info] Log at : 2023/9/6|01:05:09|GMT+0800

[info] Log at : 2023/9/6|11:53:10|GMT+0800

[info] Log at : 2023/9/6|11:53:13|GMT+0800

[info] Log at : 2023/9/6|12:05:21|GMT+0800

[info] Log at : 2023/9/6|12:40:34|GMT+0800

[info] Log at : 2023/9/6|12:40:39|GMT+0800

[info] Log at : 2023/9/6|13:04:14|GMT+0800

<<<<<<< HEAD
[info] Log at : 2023/9/6|13:35:13|GMT+0800

[info] Log at : 2023/9/6|13:37:14|GMT+0800

[info] Log at : 2023/9/6|13:37:18|GMT+0800

[info] Log at : 2023/9/6|14:30:52|GMT+0800

[info] Log at : 2023/9/6|14:30:55|GMT+0800

=======
>>>>>>> 8df7742b81ad29759f1ce6a7b3cde8310afbb6fc
[info] Log at : 2023/9/6|14:37:02|GMT+0800

[info] Log at : 2023/9/6|14:54:39|GMT+0800

[info] Log at : 2023/9/6|15:52:27|GMT+0800

[info] Log at : 2023/9/6|16:44:05|GMT+0800

[info] Log at : 2023/9/6|17:28:18|GMT+0800

[info] Log at : 2023/9/6|17:51:05|GMT+0800

[info] Log at : 2023/9/6|17:59:19|GMT+0800

[info] Log at : 2023/9/6|18:04:43|GMT+0800

[info] Log at : 2023/9/6|22:05:25|GMT+0800

[info] Log at : 2023/9/6|23:54:16|GMT+0800

[info] Log at : 2023/9/7|00:09:39|GMT+0800

[info] Log at : 2023/9/7|11:43:39|GMT+0800

[info] Log at : 2023/9/7|11:55:31|GMT+0800

[info] Log at : 2023/9/7|12:57:59|GMT+0800

[info] Log at : 2023/9/7|14:31:41|GMT+0800

[info] Log at : 2023/9/7|14:40:03|GMT+0800

[info] Log at : 2023/9/7|19:11:04|GMT+0800

[info] Log at : 2023/9/8|11:00:20|GMT+0800

[info] Log at : 2023/9/8|11:24:58|GMT+0800

[info] Log at : 2023/9/8|13:35:27|GMT+0800

[info] Log at : 2023/9/8|14:03:58|GMT+0800

[info] project closed: gongxunsai
[info] Log at : 2023/9/8|17:45:11|GMT+0800

[info] Log at : 2023/9/8|17:45:16|GMT+0800

