*** Using Compiler 'V5.06 update 6 (build 750)', folder: 'C:\Keil_v5\ARM\ARMCC\Bin'
Rebuild target 'Fire_FreeRTOS'
assembling startup_stm32f10x_hd.s...
compiling stm32f10x_cec.c...
compiling stm32f10x_exti.c...
compiling misc.c...
compiling core_cm3.c...
compiling stm32f10x_adc.c...
compiling stm32f10x_dbgmcu.c...
compiling stm32f10x_crc.c...
compiling system_stm32f10x.c...
compiling stm32f10x_can.c...
compiling stm32f10x_bkp.c...
compiling stm32f10x_dac.c...
compiling stm32f10x_dma.c...
compiling stm32f10x_flash.c...
compiling stm32f10x_fsmc.c...
compiling stm32f10x_gpio.c...
compiling stm32f10x_i2c.c...
compiling stm32f10x_iwdg.c...
compiling stm32f10x_pwr.c...
compiling stm32f10x_rtc.c...
compiling stm32f10x_rcc.c...
compiling stm32f10x_spi.c...
compiling stm32f10x_sdio.c...
compiling stm32f10x_wwdg.c...
compiling stm32f10x_usart.c...
compiling bsp_led.c...
compiling bsp_exti.c...
compiling stm32f10x_it.c...
compiling stm32f10x_tim.c...
compiling Delay.c...
compiling main.c...
..\..\User\main.c(749): warning:  #111-D: statement is unreachable
          startStraight_Line_Base_On_Encoder(12500,1);	//?›´èµ?
..\..\User\main.c: 1 warning, 0 errors
compiling Sysclk_output.c...
compiling PWM.c...
compiling NRF24L01.c...
compiling Driver.c...
compiling software_usart.c...
compiling usart.c...
compiling Software_iic.c...
compiling buffer.c...
..\..\User\buffer.c(246): warning:  #1441-D: nonstandard cast on lvalue
                  ((u8 *)data)++;
..\..\User\buffer.c(279): warning:  #1441-D: nonstandard cast on lvalue
                      ((u16 *)data)++;
..\..\User\buffer.c(287): warning:  #1441-D: nonstandard cast on lvalue
                      ((u16 *)data)++;
..\..\User\buffer.c(324): warning:  #1441-D: nonstandard cast on lvalue
                      ((u32 *)data)++;
..\..\User\buffer.c(335): warning:  #1441-D: nonstandard cast on lvalue
                      ((u32 *)data)++;
..\..\User\buffer.c: 5 warnings, 0 errors
compiling VL53.c...
compiling PID.c...
compiling JY62.c...
compiling flash.c...
compiling sys.c...
compiling encoder.c...
compiling MPU6050.c...
compiling Steeper.c...
compiling tcs34725.c...
compiling OLED.c...
compiling croutine.c...
compiling event_groups.c...
compiling list.c...
compiling queue.c...
compiling timers.c...
compiling heap_4.c...
compiling tasks.c...
compiling port.c...
linking...
Program Size: Code=38440 RO-data=1888 RW-data=312 ZI-data=40744  
FromELF: creating hex file...
"..\..\Output\Fire_FreeRTOS.axf" - 0 Error(s), 6 Warning(s).
Build Time Elapsed:  00:00:08
